<?xml version="1.0" encoding="UTF-8"?>
<!-- Generated by org.testng.reporters.JUnitXMLReporter -->
<testsuite ignored="6" hostname="LAPTOP-AEHNAUM1" failures="0" tests="2" name="Test" time="0.058" errors="0" timestamp="2023-04-15T11:34:10 IST">
  <testcase classname="TestNg.NewTest3" name="userReg1" time="0.008"/>
  <testcase classname="TestNg.NewTest4" name="userLogin" time="0.001"/>
  <testcase classname="TestNg.NewTest3" name="userLogin" time="0.0">
    <ignored/>
  </testcase> <!-- userLogin -->
  <testcase classname="TestNg.NewTest4" name="userReg" time="0.0">
    <ignored/>
  </testcase> <!-- userReg -->
  <testcase classname="TestNg.NewTest4" name="userReg1" time="0.0">
    <ignored/>
  </testcase> <!-- userReg1 -->
  <testcase classname="TestNg.NewTest3" name="userReg" time="0.0">
    <ignored/>
  </testcase> <!-- userReg -->
  <testcase classname="TestNg.NewTest3" name="userReg2" time="0.0">
    <ignored/>
  </testcase> <!-- userReg2 -->
  <testcase classname="TestNg.NewTest4" name="userReg2" time="0.0">
    <ignored/>
  </testcase> <!-- userReg2 -->
</testsuite> <!-- Test -->
