<?xml version="1.0" encoding="UTF-8"?>
<!-- Generated by org.testng.reporters.JUnitXMLReporter -->
<testsuite ignored="0" hostname="LAPTOP-AEHNAUM1" failures="2" tests="2" name="Command line test" time="0.162" errors="0" timestamp="2023-02-07T12:41:01 IST">
  <testcase classname="ddfDemos.DDFEbayProdCatSearchTest" name="catSearch" time="0.0">
    <failure type="java.lang.RuntimeException" message="org.apache.poi.openxml4j.exceptions.InvalidOperationException: Can&amp;apos;t open the specified file input stream from file: &amp;apos;C:\Users\gowth\OneDrive\Documents\Book1.xslx&amp;apos;">
      <![CDATA[java.lang.RuntimeException: org.apache.poi.openxml4j.exceptions.InvalidOperationException: Can't open the specified file input stream from file: 'C:\Users\gowth\OneDrive\Documents\Book1.xslx'
at java.base/java.util.ArrayList.forEach(ArrayList.java:1541)
Caused by: org.apache.poi.openxml4j.exceptions.InvalidOperationException: Can't open the specified file input stream from file: 'C:\Users\gowth\OneDrive\Documents\Book1.xslx'
at org.apache.poi.openxml4j.opc.ZipPackage.openZipEntrySourceStream(ZipPackage.java:188)
at org.apache.poi.openxml4j.opc.ZipPackage.<init>(ZipPackage.java:175)
at org.apache.poi.openxml4j.opc.ZipPackage.<init>(ZipPackage.java:149)
at org.apache.poi.openxml4j.opc.OPCPackage.open(OPCPackage.java:247)
at org.apache.poi.openxml4j.opc.OPCPackage.open(OPCPackage.java:178)
at org.apache.poi.ooxml.POIXMLDocument.openPackage(POIXMLDocument.java:88)
at org.apache.poi.xssf.usermodel.XSSFWorkbook.<init>(XSSFWorkbook.java:333)
at ddfDemos.DDFEbayProdCatSearchTest.ebayData(DDFEbayProdCatSearchTest.java:39)
... 35 more
Caused by: java.io.FileNotFoundException: C:\Users\gowth\OneDrive\Documents\Book1.xslx (The system cannot find the file specified)
at java.base/java.io.FileInputStream.open0(Native Method)
at java.base/java.io.FileInputStream.open(FileInputStream.java:219)
at java.base/java.io.FileInputStream.<init>(FileInputStream.java:157)
at org.apache.poi.openxml4j.opc.ZipPackage.openZipEntrySourceStream(ZipPackage.java:185)
... 49 more
... Removed 42 stack frames]]>
    </failure>
  </testcase> <!-- catSearch -->
  <testcase classname="ddfDemos.DDfEbayProdSearchTest" name="prodSearch" time="0.0">
    <failure type="java.lang.RuntimeException" message="org.apache.poi.openxml4j.exceptions.InvalidOperationException: Can&amp;apos;t open the specified file input stream from file: &amp;apos;C:\Users\gowth\OneDrive\Documents\Book1.xslx&amp;apos;">
      <![CDATA[java.lang.RuntimeException: org.apache.poi.openxml4j.exceptions.InvalidOperationException: Can't open the specified file input stream from file: 'C:\Users\gowth\OneDrive\Documents\Book1.xslx'
at java.base/java.util.ArrayList.forEach(ArrayList.java:1541)
Caused by: org.apache.poi.openxml4j.exceptions.InvalidOperationException: Can't open the specified file input stream from file: 'C:\Users\gowth\OneDrive\Documents\Book1.xslx'
at org.apache.poi.openxml4j.opc.ZipPackage.openZipEntrySourceStream(ZipPackage.java:188)
at org.apache.poi.openxml4j.opc.ZipPackage.<init>(ZipPackage.java:175)
at org.apache.poi.openxml4j.opc.ZipPackage.<init>(ZipPackage.java:149)
at org.apache.poi.openxml4j.opc.OPCPackage.open(OPCPackage.java:247)
at org.apache.poi.openxml4j.opc.OPCPackage.open(OPCPackage.java:178)
at org.apache.poi.ooxml.POIXMLDocument.openPackage(POIXMLDocument.java:88)
at org.apache.poi.xssf.usermodel.XSSFWorkbook.<init>(XSSFWorkbook.java:333)
at ddfDemos.DDfEbayProdSearchTest.ebayData(DDfEbayProdSearchTest.java:37)
... 35 more
Caused by: java.io.FileNotFoundException: C:\Users\gowth\OneDrive\Documents\Book1.xslx (The system cannot find the file specified)
at java.base/java.io.FileInputStream.open0(Native Method)
at java.base/java.io.FileInputStream.open(FileInputStream.java:219)
at java.base/java.io.FileInputStream.<init>(FileInputStream.java:157)
at org.apache.poi.openxml4j.opc.ZipPackage.openZipEntrySourceStream(ZipPackage.java:185)
... 49 more
... Removed 42 stack frames]]>
    </failure>
  </testcase> <!-- prodSearch -->
</testsuite> <!-- Command line test -->
