<?xml version="1.0" encoding="UTF-8"?>
<testng-results ignored="0" total="1" passed="1" failed="0" skipped="0">
  <reporter-output>
  </reporter-output>
  <suite started-at="2023-12-14T13:53:55 IST" name="Default suite" finished-at="2023-12-14T13:54:04 IST" duration-ms="9475">
    <groups>
    </groups>
    <test started-at="2023-12-14T13:53:55 IST" name="Default test" finished-at="2023-12-14T13:54:04 IST" duration-ms="9475">
      <class name="com.demopurpose.OHRMLoginTest">
        <test-method signature="loginTest()[pri:0, instance:com.demopurpose.OHRMLoginTest@1530c739]" started-at="2023-12-14T13:53:55 IST" name="loginTest" finished-at="2023-12-14T13:54:04 IST" duration-ms="9418" status="PASS">
          <reporter-output>
          </reporter-output>
        </test-method> <!-- loginTest -->
      </class> <!-- com.demopurpose.OHRMLoginTest -->
    </test> <!-- Default test -->
  </suite> <!-- Default suite -->
</testng-results>
